c:\users\aammo\chatiapp\chati\x64\debug\vc143.pdb
c:\users\aammo\chatiapp\chati\x64\debug\.netframework,version=v4.7.2.assemblyattributes.obj
c:\users\aammo\chatiapp\chati\x64\debug\user.obj
c:\users\aammo\chatiapp\chati\x64\debug\storystylehelper.obj
c:\users\aammo\chatiapp\chati\x64\debug\storyhandler.obj
c:\users\aammo\chatiapp\chati\x64\debug\story.obj
c:\users\aammo\chatiapp\chati\x64\debug\signing.obj
c:\users\aammo\chatiapp\chati\x64\debug\saveloadfiles.obj
c:\users\aammo\chatiapp\chati\x64\debug\message.obj
c:\users\aammo\chatiapp\chati\x64\debug\linkedlist.obj
c:\users\aammo\chatiapp\chati\x64\debug\guiform.obj
c:\users\aammo\chatiapp\chati\x64\debug\chatroom.obj
c:\users\aammo\chatiapp\chati\x64\debug\chat.obj
c:\users\aammo\chatiapp\chati\x64\debug\addcontact.obj
c:\users\aammo\chatiapp\x64\debug\chati.exe
c:\users\aammo\chatiapp\x64\debug\chati.pdb
c:\users\aammo\chatiapp\chati\x64\debug\chati.tlog\cl.command.1.tlog
c:\users\aammo\chatiapp\chati\x64\debug\chati.tlog\cl.items.tlog
c:\users\aammo\chatiapp\chati\x64\debug\chati.tlog\cl.read.1.tlog
c:\users\aammo\chatiapp\chati\x64\debug\chati.tlog\cl.write.1.tlog
c:\users\aammo\chatiapp\chati\x64\debug\chati.tlog\link.command.1.tlog
c:\users\aammo\chatiapp\chati\x64\debug\chati.tlog\link.read.1.tlog
c:\users\aammo\chatiapp\chati\x64\debug\chati.tlog\link.secondary.1.tlog
c:\users\aammo\chatiapp\chati\x64\debug\chati.tlog\link.write.1.tlog
c:\users\aammo\chatiapp\chati\x64\debug\chati.tlog\metagen.read.1.tlog
c:\users\aammo\chatiapp\chati\x64\debug\chati.tlog\metagen.write.1.tlog
c:\users\aammo\chatiapp\chati\x64\debug\chati.tlog\resgen.command.1.tlog
c:\users\aammo\chatiapp\chati\x64\debug\chati.tlog\resgen.read.1.tlog
c:\users\aammo\chatiapp\chati\x64\debug\chati.tlog\resgen.write.1.tlog
